<?xml version="1.0" encoding="UTF-8"?>
<!-- Generated by org.testng.reporters.JUnitXMLReporter -->
<testsuite hostname="DESKTOP-7TMJVOF" ignored="0" name="Test" tests="3" failures="0" timestamp="06 May 2021 11:57:25 GMT" time="17.489" errors="0">
  <testcase name="login" time="2.516" classname="com.amazon.AmazonTask"/>
  <testcase name="getAdvertisement" time="0.458" classname="com.amazon.AmazonTask"/>
  <testcase name="saveCarousel" time="2.211" classname="com.amazon.AmazonTask"/>
</testsuite> <!-- Test -->
