<?xml version="1.0" encoding="UTF-8"?>
<!-- Generated by org.testng.reporters.JUnitXMLReporter -->
<testsuite hostname="DESKTOP-7TMJVOF" ignored="0" name="Default test" tests="3" failures="0" timestamp="06 May 2021 11:32:33 GMT" time="15.648" errors="0">
  <testcase name="login" time="2.522" classname="com.amazon.AmazonTask"/>
  <testcase name="getAdvertisement" time="0.583" classname="com.amazon.AmazonTask"/>
  <testcase name="saveCarousel" time="2.143" classname="com.amazon.AmazonTask"/>
</testsuite> <!-- Default test -->
